-------------------------------------------------------------------------------
Test set: com.neo.web.UserControllerTest
-------------------------------------------------------------------------------
Tests run: 1, Failures: 0, Errors: 1, Skipped: 0, Time elapsed: 1.042 s <<< FAILURE! - in com.neo.web.UserControllerTest
getUsers  Time elapsed: 1.042 s  <<< ERROR!
org.springframework.web.util.NestedServletException: 
Request processing failed; nested exception is org.mybatis.spring.MyBatisSystemException: nested exception is org.apache.ibatis.exceptions.PersistenceException: 
### Error querying database.  Cause: org.springframework.jdbc.CannotGetJdbcConnectionException: Failed to obtain JDBC Connection; nested exception is java.sql.SQLException: Access denied for user 'root'@'localhost' (using password: YES)
### The error may exist in file [C:\z\coding\git\spring-boot-examples-master\spring-boot-mybatis\spring-boot-mybatis-xml\target\classes\mybatis\mapper\UserMapper.xml]
### The error may involve com.neo.mapper.UserMapper.getAll
### The error occurred while executing a query
### Cause: org.springframework.jdbc.CannotGetJdbcConnectionException: Failed to obtain JDBC Connection; nested exception is java.sql.SQLException: Access denied for user 'root'@'localhost' (using password: YES)
	at com.neo.web.UserControllerTest.getUsers(UserControllerTest.java:33)
Caused by: org.mybatis.spring.MyBatisSystemException: 
nested exception is org.apache.ibatis.exceptions.PersistenceException: 
### Error querying database.  Cause: org.springframework.jdbc.CannotGetJdbcConnectionException: Failed to obtain JDBC Connection; nested exception is java.sql.SQLException: Access denied for user 'root'@'localhost' (using password: YES)
### The error may exist in file [C:\z\coding\git\spring-boot-examples-master\spring-boot-mybatis\spring-boot-mybatis-xml\target\classes\mybatis\mapper\UserMapper.xml]
### The error may involve com.neo.mapper.UserMapper.getAll
### The error occurred while executing a query
### Cause: org.springframework.jdbc.CannotGetJdbcConnectionException: Failed to obtain JDBC Connection; nested exception is java.sql.SQLException: Access denied for user 'root'@'localhost' (using password: YES)
	at com.neo.web.UserControllerTest.getUsers(UserControllerTest.java:33)
Caused by: org.apache.ibatis.exceptions.PersistenceException: 

### Error querying database.  Cause: org.springframework.jdbc.CannotGetJdbcConnectionException: Failed to obtain JDBC Connection; nested exception is java.sql.SQLException: Access denied for user 'root'@'localhost' (using password: YES)
### The error may exist in file [C:\z\coding\git\spring-boot-examples-master\spring-boot-mybatis\spring-boot-mybatis-xml\target\classes\mybatis\mapper\UserMapper.xml]
### The error may involve com.neo.mapper.UserMapper.getAll
### The error occurred while executing a query
### Cause: org.springframework.jdbc.CannotGetJdbcConnectionException: Failed to obtain JDBC Connection; nested exception is java.sql.SQLException: Access denied for user 'root'@'localhost' (using password: YES)
	at com.neo.web.UserControllerTest.getUsers(UserControllerTest.java:33)
Caused by: org.springframework.jdbc.CannotGetJdbcConnectionException: Failed to obtain JDBC Connection; nested exception is java.sql.SQLException: Access denied for user 'root'@'localhost' (using password: YES)
	at com.neo.web.UserControllerTest.getUsers(UserControllerTest.java:33)
Caused by: java.sql.SQLException: Access denied for user 'root'@'localhost' (using password: YES)
	at com.neo.web.UserControllerTest.getUsers(UserControllerTest.java:33)

